2026-03-18T20:08:43.440660145Z [inf]  Starting Container
2026-03-18T20:08:43.842667595Z [err]  Node.js v22.22.1
2026-03-18T20:08:43.842672654Z [err]      at Module.load (node:internal/modules/cjs/loader:1441:32)
2026-03-18T20:08:43.842681048Z [err]  TypeError: OAuth2Strategy requires a clientID option
2026-03-18T20:08:43.842683043Z [err]      at TracingChannel.traceSync (node:diagnostics_channel:328:14)
2026-03-18T20:08:43.842683273Z [err]      at Function._load (node:internal/modules/cjs/loader:1263:12)
2026-03-18T20:08:43.842685501Z [err]      at Object.<anonymous> (/app/src/config/passport.js:24:14)
2026-03-18T20:08:43.842689413Z [err]      at wrapModuleLoad (node:internal/modules/cjs/loader:237:24)
2026-03-18T20:08:43.842691210Z [err]      at Strategy.OAuth2Strategy (/app/node_modules/passport-oauth2/lib/strategy.js:87:34)
2026-03-18T20:08:43.842696520Z [err]      at new Strategy (/app/node_modules/passport-google-oauth20/lib/strategy.js:52:18)
2026-03-18T20:08:43.842697968Z [err]      at Module._compile (node:internal/modules/cjs/loader:1705:14)
2026-03-18T20:08:43.842706015Z [err]      at Object..js (node:internal/modules/cjs/loader:1838:10)
2026-03-18T20:08:43.842706117Z [err]  /app/node_modules/passport-oauth2/lib/strategy.js:87
2026-03-18T20:08:43.842708944Z [err]      at Module.require (node:internal/modules/cjs/loader:1463:12)
2026-03-18T20:08:43.842709251Z [inf]  > node src/index.js
2026-03-18T20:08:43.842713671Z [err]    if (!options.clientID) { throw new TypeError('OAuth2Strategy requires a clientID option'); }
2026-03-18T20:08:43.842716375Z [err]                             ^
2026-03-18T20:08:43.842718998Z [err]  
2026-03-18T20:08:43.842723276Z [inf]  
2026-03-18T20:08:43.842725041Z [err]  npm warn config production Use `--omit=dev` instead.
2026-03-18T20:08:43.842727648Z [err]  
2026-03-18T20:08:43.842734137Z [inf]  
2026-03-18T20:08:43.842738467Z [inf]  > cloes-backend@1.0.0 start
2026-03-18T20:08:44.095289054Z [err]  npm warn config production Use `--omit=dev` instead.
2026-03-18T20:08:44.116038143Z [inf]  
2026-03-18T20:08:44.116041967Z [inf]  > cloes-backend@1.0.0 start
2026-03-18T20:08:44.116045558Z [inf]  > node src/index.js
2026-03-18T20:08:44.116048833Z [inf]  
2026-03-18T20:08:44.459041822Z [err]      at Function._load (node:internal/modules/cjs/loader:1263:12)
2026-03-18T20:08:44.459043216Z [err]  /app/node_modules/passport-oauth2/lib/strategy.js:87
2026-03-18T20:08:44.459051424Z [err]      at TracingChannel.traceSync (node:diagnostics_channel:328:14)
2026-03-18T20:08:44.459053725Z [err]    if (!options.clientID) { throw new TypeError('OAuth2Strategy requires a clientID option'); }
2026-03-18T20:08:44.459056725Z [err]      at wrapModuleLoad (node:internal/modules/cjs/loader:237:24)
2026-03-18T20:08:44.459061837Z [err]                             ^
2026-03-18T20:08:44.459062183Z [err]      at Module.require (node:internal/modules/cjs/loader:1463:12)
2026-03-18T20:08:44.459069171Z [err]  
2026-03-18T20:08:44.459070365Z [err]  
2026-03-18T20:08:44.459076012Z [err]  Node.js v22.22.1
2026-03-18T20:08:44.459077934Z [err]  TypeError: OAuth2Strategy requires a clientID option
2026-03-18T20:08:44.459082469Z [err]      at Strategy.OAuth2Strategy (/app/node_modules/passport-oauth2/lib/strategy.js:87:34)
2026-03-18T20:08:44.459086512Z [err]      at new Strategy (/app/node_modules/passport-google-oauth20/lib/strategy.js:52:18)
2026-03-18T20:08:44.459090487Z [err]      at Object.<anonymous> (/app/src/config/passport.js:24:14)
2026-03-18T20:08:44.459094334Z [err]      at Module._compile (node:internal/modules/cjs/loader:1705:14)
2026-03-18T20:08:44.459098649Z [err]      at Object..js (node:internal/modules/cjs/loader:1838:10)
2026-03-18T20:08:44.459103106Z [err]      at Module.load (node:internal/modules/cjs/loader:1441:32)
2026-03-18T20:08:45.063203828Z [err]  npm warn config production Use `--omit=dev` instead.
2026-03-18T20:08:45.072357581Z [inf]  
2026-03-18T20:08:45.072360940Z [inf]  > cloes-backend@1.0.0 start
2026-03-18T20:08:45.072371006Z [inf]  > node src/index.js
2026-03-18T20:08:45.072373570Z [inf]  
2026-03-18T20:08:45.422124560Z [err]      at Object..js (node:internal/modules/cjs/loader:1838:10)
2026-03-18T20:08:45.422132715Z [err]      at Module.load (node:internal/modules/cjs/loader:1441:32)
2026-03-18T20:08:45.422138232Z [err]      at Function._load (node:internal/modules/cjs/loader:1263:12)
2026-03-18T20:08:45.422141565Z [err]  /app/node_modules/passport-oauth2/lib/strategy.js:87
2026-03-18T20:08:45.422144385Z [err]      at TracingChannel.traceSync (node:diagnostics_channel:328:14)
2026-03-18T20:08:45.422149992Z [err]      at wrapModuleLoad (node:internal/modules/cjs/loader:237:24)
2026-03-18T20:08:45.422153546Z [err]    if (!options.clientID) { throw new TypeError('OAuth2Strategy requires a clientID option'); }
2026-03-18T20:08:45.422156262Z [err]      at Module.require (node:internal/modules/cjs/loader:1463:12)
2026-03-18T20:08:45.422159355Z [err]                             ^
2026-03-18T20:08:45.422162699Z [err]  
2026-03-18T20:08:45.422166575Z [err]  
2026-03-18T20:08:45.422169680Z [err]  Node.js v22.22.1
2026-03-18T20:08:45.422173013Z [err]  TypeError: OAuth2Strategy requires a clientID option
2026-03-18T20:08:45.422176859Z [err]      at Strategy.OAuth2Strategy (/app/node_modules/passport-oauth2/lib/strategy.js:87:34)
2026-03-18T20:08:45.422180679Z [err]      at new Strategy (/app/node_modules/passport-google-oauth20/lib/strategy.js:52:18)
2026-03-18T20:08:45.422184177Z [err]      at Object.<anonymous> (/app/src/config/passport.js:24:14)
2026-03-18T20:08:45.422188022Z [err]      at Module._compile (node:internal/modules/cjs/loader:1705:14)
2026-03-18T20:08:46.032953672Z [err]  npm warn config production Use `--omit=dev` instead.
2026-03-18T20:08:46.041795048Z [inf]  
2026-03-18T20:08:46.041800399Z [inf]  > cloes-backend@1.0.0 start
2026-03-18T20:08:46.041804803Z [inf]  > node src/index.js
2026-03-18T20:08:46.041809021Z [inf]  
2026-03-18T20:08:46.375453721Z [err]  /app/node_modules/passport-oauth2/lib/strategy.js:87
2026-03-18T20:08:46.375461549Z [err]    if (!options.clientID) { throw new TypeError('OAuth2Strategy requires a clientID option'); }
2026-03-18T20:08:46.375468162Z [err]                             ^
2026-03-18T20:08:46.375473704Z [err]  
2026-03-18T20:08:46.375478979Z [err]  TypeError: OAuth2Strategy requires a clientID option
2026-03-18T20:08:46.375491043Z [err]      at Strategy.OAuth2Strategy (/app/node_modules/passport-oauth2/lib/strategy.js:87:34)
2026-03-18T20:08:46.375496204Z [err]      at new Strategy (/app/node_modules/passport-google-oauth20/lib/strategy.js:52:18)
2026-03-18T20:08:46.375500763Z [err]      at Object.<anonymous> (/app/src/config/passport.js:24:14)
2026-03-18T20:08:46.375505075Z [err]      at Module._compile (node:internal/modules/cjs/loader:1705:14)
2026-03-18T20:08:46.375509343Z [err]      at Object..js (node:internal/modules/cjs/loader:1838:10)
2026-03-18T20:08:46.375513666Z [err]      at Module.load (node:internal/modules/cjs/loader:1441:32)
2026-03-18T20:08:46.375521133Z [err]      at Function._load (node:internal/modules/cjs/loader:1263:12)
2026-03-18T20:08:46.375527252Z [err]      at TracingChannel.traceSync (node:diagnostics_channel:328:14)
2026-03-18T20:08:46.375531386Z [err]      at wrapModuleLoad (node:internal/modules/cjs/loader:237:24)
2026-03-18T20:08:46.375535863Z [err]      at Module.require (node:internal/modules/cjs/loader:1463:12)
2026-03-18T20:08:46.375540818Z [err]  
2026-03-18T20:08:46.375545507Z [err]  Node.js v22.22.1
2026-03-18T20:08:47.108908121Z [err]  npm warn config production Use `--omit=dev` instead.
2026-03-18T20:08:47.123073282Z [inf]  
2026-03-18T20:08:47.123076088Z [inf]  > cloes-backend@1.0.0 start
2026-03-18T20:08:47.123079000Z [inf]  > node src/index.js
2026-03-18T20:08:47.123081586Z [inf]  
2026-03-18T20:08:47.471941491Z [err]  /app/node_modules/passport-oauth2/lib/strategy.js:87
2026-03-18T20:08:47.471949936Z [err]    if (!options.clientID) { throw new TypeError('OAuth2Strategy requires a clientID option'); }
2026-03-18T20:08:47.471954636Z [err]                             ^
2026-03-18T20:08:47.471958650Z [err]  
2026-03-18T20:08:47.471962769Z [err]  TypeError: OAuth2Strategy requires a clientID option
2026-03-18T20:08:47.471967805Z [err]      at Strategy.OAuth2Strategy (/app/node_modules/passport-oauth2/lib/strategy.js:87:34)
2026-03-18T20:08:47.471971940Z [err]      at new Strategy (/app/node_modules/passport-google-oauth20/lib/strategy.js:52:18)
2026-03-18T20:08:47.471975190Z [err]      at Object.<anonymous> (/app/src/config/passport.js:24:14)
2026-03-18T20:08:47.471980018Z [err]      at Module._compile (node:internal/modules/cjs/loader:1705:14)
2026-03-18T20:08:47.471984233Z [err]      at Object..js (node:internal/modules/cjs/loader:1838:10)
2026-03-18T20:08:47.471988644Z [err]      at Module.load (node:internal/modules/cjs/loader:1441:32)
2026-03-18T20:08:47.471993041Z [err]      at Function._load (node:internal/modules/cjs/loader:1263:12)
2026-03-18T20:08:47.471998095Z [err]      at TracingChannel.traceSync (node:diagnostics_channel:328:14)
2026-03-18T20:08:47.472002488Z [err]      at wrapModuleLoad (node:internal/modules/cjs/loader:237:24)
2026-03-18T20:08:47.472006680Z [err]      at Module.require (node:internal/modules/cjs/loader:1463:12)
2026-03-18T20:08:47.472010500Z [err]  
2026-03-18T20:08:47.472014070Z [err]  Node.js v22.22.1
2026-03-18T20:08:50.865251996Z [inf]  
2026-03-18T20:08:50.865288259Z [inf]  > cloes-backend@1.0.0 start
2026-03-18T20:08:50.865296845Z [inf]  > node src/index.js
2026-03-18T20:08:50.865303147Z [err]  npm warn config production Use `--omit=dev` instead.
2026-03-18T20:08:50.865315956Z [inf]  
2026-03-18T20:08:51.142758074Z [err]  /app/node_modules/passport-oauth2/lib/strategy.js:87
2026-03-18T20:08:51.142761659Z [err]    if (!options.clientID) { throw new TypeError('OAuth2Strategy requires a clientID option'); }
2026-03-18T20:08:51.142765584Z [err]                             ^
2026-03-18T20:08:51.142769582Z [err]  
2026-03-18T20:08:51.142773952Z [err]  TypeError: OAuth2Strategy requires a clientID option
2026-03-18T20:08:51.142782717Z [err]      at Strategy.OAuth2Strategy (/app/node_modules/passport-oauth2/lib/strategy.js:87:34)
2026-03-18T20:08:51.142786310Z [err]      at new Strategy (/app/node_modules/passport-google-oauth20/lib/strategy.js:52:18)
2026-03-18T20:08:51.142789792Z [err]      at Object.<anonymous> (/app/src/config/passport.js:24:14)
2026-03-18T20:08:51.142793071Z [err]      at Module._compile (node:internal/modules/cjs/loader:1705:14)
2026-03-18T20:08:51.142796601Z [err]      at Object..js (node:internal/modules/cjs/loader:1838:10)
2026-03-18T20:08:51.142799935Z [err]      at Module.load (node:internal/modules/cjs/loader:1441:32)
2026-03-18T20:08:51.142804349Z [err]      at Function._load (node:internal/modules/cjs/loader:1263:12)
2026-03-18T20:08:51.142807818Z [err]      at TracingChannel.traceSync (node:diagnostics_channel:328:14)
2026-03-18T20:08:51.142811372Z [err]      at wrapModuleLoad (node:internal/modules/cjs/loader:237:24)
2026-03-18T20:08:51.142814797Z [err]      at Module.require (node:internal/modules/cjs/loader:1463:12)
2026-03-18T20:08:51.142818131Z [err]  
2026-03-18T20:08:51.142821838Z [err]  Node.js v22.22.1
2026-03-18T20:08:51.888491609Z [inf]  
2026-03-18T20:08:51.888499777Z [inf]  > cloes-backend@1.0.0 start
2026-03-18T20:08:51.888504925Z [inf]  > node src/index.js
2026-03-18T20:08:51.888508758Z [inf]  
2026-03-18T20:08:51.888545731Z [err]  npm warn config production Use `--omit=dev` instead.
2026-03-18T20:08:52.089672134Z [err]      at wrapModuleLoad (node:internal/modules/cjs/loader:237:24)
2026-03-18T20:08:52.089680870Z [err]      at Module.require (node:internal/modules/cjs/loader:1463:12)
2026-03-18T20:08:52.089687640Z [err]  /app/node_modules/passport-oauth2/lib/strategy.js:87
2026-03-18T20:08:52.089688107Z [err]  
2026-03-18T20:08:52.089693920Z [err]  Node.js v22.22.1
2026-03-18T20:08:52.089695804Z [err]    if (!options.clientID) { throw new TypeError('OAuth2Strategy requires a clientID option'); }
2026-03-18T20:08:52.089699142Z [err]                             ^
2026-03-18T20:08:52.089702615Z [err]  
2026-03-18T20:08:52.089706436Z [err]  TypeError: OAuth2Strategy requires a clientID option
2026-03-18T20:08:52.089710318Z [err]      at Strategy.OAuth2Strategy (/app/node_modules/passport-oauth2/lib/strategy.js:87:34)
2026-03-18T20:08:52.089713972Z [err]      at new Strategy (/app/node_modules/passport-google-oauth20/lib/strategy.js:52:18)
2026-03-18T20:08:52.089719105Z [err]      at Object.<anonymous> (/app/src/config/passport.js:24:14)
2026-03-18T20:08:52.089722707Z [err]      at Module._compile (node:internal/modules/cjs/loader:1705:14)
2026-03-18T20:08:52.089726699Z [err]      at Object..js (node:internal/modules/cjs/loader:1838:10)
2026-03-18T20:08:52.089730956Z [err]      at Module.load (node:internal/modules/cjs/loader:1441:32)
2026-03-18T20:08:52.089734367Z [err]      at Function._load (node:internal/modules/cjs/loader:1263:12)
2026-03-18T20:08:52.089737493Z [err]      at TracingChannel.traceSync (node:diagnostics_channel:328:14)
2026-03-18T20:08:52.882936221Z [inf]  > cloes-backend@1.0.0 start
2026-03-18T20:08:52.882944393Z [inf]  > node src/index.js
2026-03-18T20:08:52.882949155Z [inf]  
2026-03-18T20:08:52.882967638Z [err]  npm warn config production Use `--omit=dev` instead.
2026-03-18T20:08:52.882972305Z [inf]  
2026-03-18T20:08:53.088239052Z [err]  Node.js v22.22.1
2026-03-18T20:08:53.088245913Z [err]  /app/node_modules/passport-oauth2/lib/strategy.js:87
2026-03-18T20:08:53.088254261Z [err]    if (!options.clientID) { throw new TypeError('OAuth2Strategy requires a clientID option'); }
2026-03-18T20:08:53.088261387Z [err]                             ^
2026-03-18T20:08:53.088265679Z [err]  
2026-03-18T20:08:53.088270040Z [err]  TypeError: OAuth2Strategy requires a clientID option
2026-03-18T20:08:53.088275448Z [err]      at Strategy.OAuth2Strategy (/app/node_modules/passport-oauth2/lib/strategy.js:87:34)
2026-03-18T20:08:53.088278900Z [err]      at new Strategy (/app/node_modules/passport-google-oauth20/lib/strategy.js:52:18)
2026-03-18T20:08:53.088282238Z [err]      at Object.<anonymous> (/app/src/config/passport.js:24:14)
2026-03-18T20:08:53.088285662Z [err]      at Module._compile (node:internal/modules/cjs/loader:1705:14)
2026-03-18T20:08:53.088288698Z [err]      at Object..js (node:internal/modules/cjs/loader:1838:10)
2026-03-18T20:08:53.088292390Z [err]      at Module.load (node:internal/modules/cjs/loader:1441:32)
2026-03-18T20:08:53.088296845Z [err]      at Function._load (node:internal/modules/cjs/loader:1263:12)
2026-03-18T20:08:53.088300430Z [err]      at TracingChannel.traceSync (node:diagnostics_channel:328:14)
2026-03-18T20:08:53.088304110Z [err]      at wrapModuleLoad (node:internal/modules/cjs/loader:237:24)
2026-03-18T20:08:53.088307329Z [err]      at Module.require (node:internal/modules/cjs/loader:1463:12)
2026-03-18T20:08:53.088311005Z [err]  
2026-03-18T20:08:53.893566737Z [err]  npm warn config production Use `--omit=dev` instead.
2026-03-18T20:08:53.893570842Z [inf]  
2026-03-18T20:08:53.893574980Z [inf]  > cloes-backend@1.0.0 start
2026-03-18T20:08:53.893579328Z [inf]  > node src/index.js
2026-03-18T20:08:53.893584878Z [inf]  
2026-03-18T20:08:54.038066659Z [err]  /app/node_modules/passport-oauth2/lib/strategy.js:87
2026-03-18T20:08:54.038072169Z [err]    if (!options.clientID) { throw new TypeError('OAuth2Strategy requires a clientID option'); }
2026-03-18T20:08:54.038075169Z [err]                             ^
2026-03-18T20:08:54.038077948Z [err]  
2026-03-18T20:08:54.038080966Z [err]  TypeError: OAuth2Strategy requires a clientID option
2026-03-18T20:08:54.038083816Z [err]      at Strategy.OAuth2Strategy (/app/node_modules/passport-oauth2/lib/strategy.js:87:34)
2026-03-18T20:08:54.038086458Z [err]      at new Strategy (/app/node_modules/passport-google-oauth20/lib/strategy.js:52:18)
2026-03-18T20:08:54.038089209Z [err]      at Object.<anonymous> (/app/src/config/passport.js:24:14)
2026-03-18T20:08:54.038091983Z [err]      at Module._compile (node:internal/modules/cjs/loader:1705:14)
2026-03-18T20:08:54.038094702Z [err]      at Object..js (node:internal/modules/cjs/loader:1838:10)
2026-03-18T20:08:54.038097363Z [err]      at Module.load (node:internal/modules/cjs/loader:1441:32)
2026-03-18T20:08:54.038099963Z [err]      at Function._load (node:internal/modules/cjs/loader:1263:12)
2026-03-18T20:08:54.038102798Z [err]      at TracingChannel.traceSync (node:diagnostics_channel:328:14)
2026-03-18T20:08:54.038105429Z [err]      at wrapModuleLoad (node:internal/modules/cjs/loader:237:24)
2026-03-18T20:08:54.038108315Z [err]      at Module.require (node:internal/modules/cjs/loader:1463:12)
2026-03-18T20:08:54.038111098Z [err]  
2026-03-18T20:08:54.038113724Z [err]  Node.js v22.22.1
2026-03-18T20:08:54.906631125Z [inf]  > node src/index.js
2026-03-18T20:08:54.906640235Z [inf]  
2026-03-18T20:08:54.906664032Z [err]  npm warn config production Use `--omit=dev` instead.
2026-03-18T20:08:54.906672981Z [inf]  
2026-03-18T20:08:54.906678282Z [inf]  > cloes-backend@1.0.0 start
2026-03-18T20:08:55.045793267Z [err]  
2026-03-18T20:08:55.045796278Z [err]      at Object..js (node:internal/modules/cjs/loader:1838:10)
2026-03-18T20:08:55.045800970Z [err]  Node.js v22.22.1
2026-03-18T20:08:55.045806125Z [err]      at Module.load (node:internal/modules/cjs/loader:1441:32)
2026-03-18T20:08:55.045812383Z [err]      at Function._load (node:internal/modules/cjs/loader:1263:12)
2026-03-18T20:08:55.045813405Z [err]  /app/node_modules/passport-oauth2/lib/strategy.js:87
2026-03-18T20:08:55.045817151Z [err]      at TracingChannel.traceSync (node:diagnostics_channel:328:14)
2026-03-18T20:08:55.045821992Z [err]    if (!options.clientID) { throw new TypeError('OAuth2Strategy requires a clientID option'); }
2026-03-18T20:08:55.045823694Z [err]      at wrapModuleLoad (node:internal/modules/cjs/loader:237:24)
2026-03-18T20:08:55.045830535Z [err]      at Module.require (node:internal/modules/cjs/loader:1463:12)
2026-03-18T20:08:55.045830607Z [err]                             ^
2026-03-18T20:08:55.045835444Z [err]  
2026-03-18T20:08:55.045838948Z [err]  TypeError: OAuth2Strategy requires a clientID option
2026-03-18T20:08:55.045842155Z [err]      at Strategy.OAuth2Strategy (/app/node_modules/passport-oauth2/lib/strategy.js:87:34)
2026-03-18T20:08:55.045846834Z [err]      at new Strategy (/app/node_modules/passport-google-oauth20/lib/strategy.js:52:18)
2026-03-18T20:08:55.045851056Z [err]      at Object.<anonymous> (/app/src/config/passport.js:24:14)
2026-03-18T20:08:55.045853909Z [err]      at Module._compile (node:internal/modules/cjs/loader:1705:14)
2026-03-18T20:08:55.906009781Z [inf]  > node src/index.js
2026-03-18T20:08:55.906018753Z [inf]  
2026-03-18T20:08:55.906019096Z [inf]  
2026-03-18T20:08:55.906032876Z [inf]  > cloes-backend@1.0.0 start
2026-03-18T20:08:55.906038901Z [err]  npm warn config production Use `--omit=dev` instead.
2026-03-18T20:08:56.032190901Z [err]  Node.js v22.22.1
2026-03-18T20:08:56.032201897Z [err]  /app/node_modules/passport-oauth2/lib/strategy.js:87
2026-03-18T20:08:56.032207113Z [err]    if (!options.clientID) { throw new TypeError('OAuth2Strategy requires a clientID option'); }
2026-03-18T20:08:56.032210406Z [err]                             ^
2026-03-18T20:08:56.032214160Z [err]  
2026-03-18T20:08:56.032219588Z [err]  TypeError: OAuth2Strategy requires a clientID option
2026-03-18T20:08:56.032222940Z [err]      at Strategy.OAuth2Strategy (/app/node_modules/passport-oauth2/lib/strategy.js:87:34)
2026-03-18T20:08:56.032226408Z [err]      at new Strategy (/app/node_modules/passport-google-oauth20/lib/strategy.js:52:18)
2026-03-18T20:08:56.032229263Z [err]      at Object.<anonymous> (/app/src/config/passport.js:24:14)
2026-03-18T20:08:56.032234585Z [err]      at Module._compile (node:internal/modules/cjs/loader:1705:14)
2026-03-18T20:08:56.032237735Z [err]      at Object..js (node:internal/modules/cjs/loader:1838:10)
2026-03-18T20:08:56.032240809Z [err]      at Module.load (node:internal/modules/cjs/loader:1441:32)
2026-03-18T20:08:56.032243708Z [err]      at Function._load (node:internal/modules/cjs/loader:1263:12)
2026-03-18T20:08:56.032247145Z [err]      at TracingChannel.traceSync (node:diagnostics_channel:328:14)
2026-03-18T20:08:56.032249918Z [err]      at wrapModuleLoad (node:internal/modules/cjs/loader:237:24)
2026-03-18T20:08:56.032253026Z [err]      at Module.require (node:internal/modules/cjs/loader:1463:12)
2026-03-18T20:08:56.032256632Z [err]  